<?xml version="1.0" encoding="UTF-8"?>
<!-- Generated by org.testng.reporters.JUnitXMLReporter -->
<testsuite hostname="SANTOSH-PC" name="Test" tests="2" failures="1" timestamp="19 Jul 2020 05:54:02 GMT" time="19.881" errors="0">
  <testcase name="test1" time="0.044" classname="TestScripts.TC001"/>
  <testcase name="test1" time="0.023" classname="TestScripts.TC002">
    <failure type="org.junit.ComparisonFailure" message="expected:&amp;lt;Go[o]gle&amp;gt; but was:&amp;lt;Go[]gle&amp;gt;">
      <![CDATA[org.junit.ComparisonFailure: expected:<Go[o]gle> but was:<Go[]gle>
	at org.junit.Assert.assertEquals(Assert.java:125)
	at org.junit.Assert.assertEquals(Assert.java:147)
	at TestScripts.TC002.test1(TC002.java:14)
... Removed 24 stack frames]]>
    </failure>
  </testcase> <!-- test1 -->
</testsuite> <!-- Test -->
