<?xml version="1.0" encoding="UTF-8"?>
<testng-results skipped="0" failed="1" total="2" passed="1">
  <reporter-output>
  </reporter-output>
  <suite name="Suite" duration-ms="19881" started-at="2020-07-19T05:53:42Z" finished-at="2020-07-19T05:54:02Z">
    <groups>
    </groups>
    <test name="Test" duration-ms="19881" started-at="2020-07-19T05:53:42Z" finished-at="2020-07-19T05:54:02Z">
      <class name="TestScripts.TC002">
        <test-method status="PASS" signature="beforeMethod()[pri:0, instance:TestScripts.TC002@18067a5]" name="beforeMethod" is-config="true" duration-ms="9900" started-at="2020-07-19T11:23:51Z" finished-at="2020-07-19T11:24:01Z">
          <reporter-output>
          </reporter-output>
        </test-method> <!-- beforeMethod -->
        <test-method status="FAIL" signature="test1()[pri:0, instance:TestScripts.TC002@18067a5]" name="test1" duration-ms="23" started-at="2020-07-19T11:24:01Z" finished-at="2020-07-19T11:24:01Z">
          <exception class="org.junit.ComparisonFailure">
            <message>
              <![CDATA[expected:<Go[o]gle> but was:<Go[]gle>]]>
            </message>
            <full-stacktrace>
              <![CDATA[org.junit.ComparisonFailure: expected:<Go[o]gle> but was:<Go[]gle>
	at org.junit.Assert.assertEquals(Assert.java:125)
	at org.junit.Assert.assertEquals(Assert.java:147)
	at TestScripts.TC002.test1(TC002.java:14)
	at sun.reflect.NativeMethodAccessorImpl.invoke0(Native Method)
	at sun.reflect.NativeMethodAccessorImpl.invoke(NativeMethodAccessorImpl.java:62)
	at sun.reflect.DelegatingMethodAccessorImpl.invoke(DelegatingMethodAccessorImpl.java:43)
	at java.lang.reflect.Method.invoke(Method.java:483)
	at org.testng.internal.MethodInvocationHelper.invokeMethod(MethodInvocationHelper.java:84)
	at org.testng.internal.Invoker.invokeMethod(Invoker.java:714)
	at org.testng.internal.Invoker.invokeTestMethod(Invoker.java:901)
	at org.testng.internal.Invoker.invokeTestMethods(Invoker.java:1231)
	at org.testng.internal.TestMethodWorker.invokeTestMethods(TestMethodWorker.java:127)
	at org.testng.internal.TestMethodWorker.run(TestMethodWorker.java:111)
	at org.testng.TestRunner.privateRun(TestRunner.java:767)
	at org.testng.TestRunner.run(TestRunner.java:617)
	at org.testng.SuiteRunner.runTest(SuiteRunner.java:334)
	at org.testng.SuiteRunner.runSequentially(SuiteRunner.java:329)
	at org.testng.SuiteRunner.privateRun(SuiteRunner.java:291)
	at org.testng.SuiteRunner.run(SuiteRunner.java:240)
	at org.testng.SuiteRunnerWorker.runSuite(SuiteRunnerWorker.java:52)
	at org.testng.SuiteRunnerWorker.run(SuiteRunnerWorker.java:86)
	at org.testng.TestNG.runSuitesSequentially(TestNG.java:1224)
	at org.testng.TestNG.runSuitesLocally(TestNG.java:1149)
	at org.testng.TestNG.run(TestNG.java:1057)
	at org.testng.remote.AbstractRemoteTestNG.run(AbstractRemoteTestNG.java:114)
	at org.testng.remote.RemoteTestNG.initAndRun(RemoteTestNG.java:251)
	at org.testng.remote.RemoteTestNG.main(RemoteTestNG.java:77)
]]>
            </full-stacktrace>
          </exception> <!-- org.junit.ComparisonFailure -->
          <reporter-output>
          </reporter-output>
        </test-method> <!-- test1 -->
        <test-method status="PASS" signature="afterMethod()[pri:0, instance:TestScripts.TC002@18067a5]" name="afterMethod" is-config="true" duration-ms="793" started-at="2020-07-19T11:24:01Z" finished-at="2020-07-19T11:24:02Z">
          <reporter-output>
          </reporter-output>
        </test-method> <!-- afterMethod -->
      </class> <!-- TestScripts.TC002 -->
      <class name="TestScripts.TC001">
        <test-method status="PASS" signature="beforeSuite()[pri:0, instance:TestScripts.TC001@3f4d3d]" name="beforeSuite" is-config="true" duration-ms="301" started-at="2020-07-19T11:23:42Z" finished-at="2020-07-19T11:23:42Z">
          <reporter-output>
          </reporter-output>
        </test-method> <!-- beforeSuite -->
        <test-method status="PASS" signature="beforeMethod()[pri:0, instance:TestScripts.TC001@3f4d3d]" name="beforeMethod" is-config="true" duration-ms="7781" started-at="2020-07-19T11:23:42Z" finished-at="2020-07-19T11:23:50Z">
          <reporter-output>
          </reporter-output>
        </test-method> <!-- beforeMethod -->
        <test-method status="PASS" signature="test1()[pri:0, instance:TestScripts.TC001@3f4d3d]" name="test1" duration-ms="44" started-at="2020-07-19T11:23:50Z" finished-at="2020-07-19T11:23:50Z">
          <reporter-output>
          </reporter-output>
        </test-method> <!-- test1 -->
        <test-method status="PASS" signature="afterMethod()[pri:0, instance:TestScripts.TC001@3f4d3d]" name="afterMethod" is-config="true" duration-ms="695" started-at="2020-07-19T11:23:50Z" finished-at="2020-07-19T11:23:51Z">
          <reporter-output>
          </reporter-output>
        </test-method> <!-- afterMethod -->
        <test-method status="PASS" signature="afterSuite()[pri:0, instance:TestScripts.TC001@3f4d3d]" name="afterSuite" is-config="true" duration-ms="577" started-at="2020-07-19T11:24:02Z" finished-at="2020-07-19T11:24:03Z">
          <reporter-output>
          </reporter-output>
        </test-method> <!-- afterSuite -->
      </class> <!-- TestScripts.TC001 -->
    </test> <!-- Test -->
  </suite> <!-- Suite -->
</testng-results>
